  Point.cpp
  Template_functions.cpp
C:\Users\fatim\source\repos\Template_functions\Template_functions\Point.h(36,13): warning C4244: 'return' : conversion de 'double' en 'T', perte possible de données
C:\Users\fatim\source\repos\Template_functions\Template_functions\Point.h(36,13): warning C4244:         with
C:\Users\fatim\source\repos\Template_functions\Template_functions\Point.h(36,13): warning C4244:         [
C:\Users\fatim\source\repos\Template_functions\Template_functions\Point.h(36,13): warning C4244:             T=float
C:\Users\fatim\source\repos\Template_functions\Template_functions\Point.h(36,13): warning C4244:         ]
  (compiler le fichier source 'Template_functions.cpp')
      C:\Users\fatim\source\repos\Template_functions\Template_functions\Point.h(36,13):
      le contexte d’instanciation du modèle (le plus ancien) est
          C:\Users\fatim\source\repos\Template_functions\Template_functions\Template_functions.cpp(32,31):
          voir la référence à l'instanciation classe modèle 'Point3D<int,float,double>' en cours de compilation
          C:\Users\fatim\source\repos\Template_functions\Template_functions\Point.h(34,1):
          pendant la compilation de la fonction membre classe modèle 'T Point3D<int,T,double>::distance(const Point3D<int,T,double> &) const'
          with
          [
              T=float
          ]
              C:\Users\fatim\source\repos\Template_functions\Template_functions\Template_functions.cpp(38,50):
              voir la première référence à « Point3D<int,float,double>::distance » dans « main »
  
C:\Users\fatim\source\repos\Template_functions\Template_functions\Point.h(48,13): warning C4244: '+=' : conversion de 'T' en 'B', perte possible de données
C:\Users\fatim\source\repos\Template_functions\Template_functions\Point.h(48,13): warning C4244:         with
C:\Users\fatim\source\repos\Template_functions\Template_functions\Point.h(48,13): warning C4244:         [
C:\Users\fatim\source\repos\Template_functions\Template_functions\Point.h(48,13): warning C4244:             T=float
C:\Users\fatim\source\repos\Template_functions\Template_functions\Point.h(48,13): warning C4244:         ]
C:\Users\fatim\source\repos\Template_functions\Template_functions\Point.h(48,13): warning C4244:         and
C:\Users\fatim\source\repos\Template_functions\Template_functions\Point.h(48,13): warning C4244:         [
C:\Users\fatim\source\repos\Template_functions\Template_functions\Point.h(48,13): warning C4244:             B=int
C:\Users\fatim\source\repos\Template_functions\Template_functions\Point.h(48,13): warning C4244:         ]
  (compiler le fichier source 'Template_functions.cpp')
      C:\Users\fatim\source\repos\Template_functions\Template_functions\Point.h(48,13):
      le contexte d’instanciation du modèle (le plus ancien) est
          C:\Users\fatim\source\repos\Template_functions\Template_functions\Point.h(47,1):
          pendant la compilation de la fonction membre classe modèle 'void Point3D<int,float,double>::translate(T)'
          with
          [
              T=float
          ]
              C:\Users\fatim\source\repos\Template_functions\Template_functions\Template_functions.cpp(40,17):
              voir la première référence à « Point3D<int,float,double>::translate » dans « main »
  
C:\Users\fatim\source\repos\Template_functions\Template_functions\Point.h(36,13): warning C4244: 'return' : conversion de 'double' en 'T', perte possible de données
C:\Users\fatim\source\repos\Template_functions\Template_functions\Point.h(36,13): warning C4244:         with
C:\Users\fatim\source\repos\Template_functions\Template_functions\Point.h(36,13): warning C4244:         [
C:\Users\fatim\source\repos\Template_functions\Template_functions\Point.h(36,13): warning C4244:             T=int
C:\Users\fatim\source\repos\Template_functions\Template_functions\Point.h(36,13): warning C4244:         ]
  (compiler le fichier source 'Template_functions.cpp')
      C:\Users\fatim\source\repos\Template_functions\Template_functions\Point.h(36,13):
      le contexte d’instanciation du modèle (le plus ancien) est
          C:\Users\fatim\source\repos\Template_functions\Template_functions\Template_functions.cpp(34,28):
          voir la référence à l'instanciation classe modèle 'Point3D<int,int,int>' en cours de compilation
          C:\Users\fatim\source\repos\Template_functions\Template_functions\Point.h(34,1):
          pendant la compilation de la fonction membre classe modèle 'T Point3D<int,T,int>::distance(const Point3D<int,T,int> &) const'
          with
          [
              T=int
          ]
              C:\Users\fatim\source\repos\Template_functions\Template_functions\Template_functions.cpp(39,50):
              voir la première référence à « Point3D<int,int,int>::distance » dans « main »
  
  Génération de code en cours...
  Template_functions.vcxproj -> C:\Users\fatim\source\repos\Template_functions\x64\Debug\Template_functions.exe
